# JRE version: OpenJDK Runtime Environment (11.0.11+9) (build 11.0.11+9-b60-7590822)
# Java VM: OpenJDK 64-Bit Server VM (11.0.11+9-b60-7590822, mixed mode, tiered, compressed oops, g1 gc, windows-amd64)
Heap:
 garbage-first heap   total 187392K, used 144692K [0x0000000080000000, 0x0000000100000000)
  region size 1024K, 13 young (13312K), 3 survivors (3072K)
 Metaspace       used 111661K, capacity 114596K, committed 114600K, reserved 1148928K
  class space    used 14055K, capacity 15101K, committed 15104K, reserved 1048576K
GC Heap History (20 events):
Event: 121.532 GC heap before
{Heap before GC invocations=96 (full 0):
 garbage-first heap   total 187392K, used 151025K [0x0000000080000000, 0x0000000100000000)
  region size 1024K, 31 young (31744K), 4 survivors (4096K)
 Metaspace       used 101074K, capacity 103731K, committed 103848K, reserved 1138688K
  class space    used 12811K, capacity 13708K, committed 13824K, reserved 1048576K
}
Event: 121.547 GC heap after
{Heap after GC invocations=97 (full 0):
 garbage-first heap   total 187392K, used 125622K [0x0000000080000000, 0x0000000100000000)
  region size 1024K, 3 young (3072K), 3 survivors (3072K)
 Metaspace       used 101074K, capacity 103731K, committed 103848K, reserved 1138688K
  class space    used 12811K, capacity 13708K, committed 13824K, reserved 1048576K
}
Event: 121.898 GC heap before
{Heap before GC invocations=97 (full 0):
 garbage-first heap   total 187392K, used 131766K [0x0000000080000000, 0x0000000100000000)
  region size 1024K, 9 young (9216K), 3 survivors (3072K)
 Metaspace       used 101181K, capacity 103871K, committed 104104K, reserved 1140736K
  class space    used 12820K, capacity 13711K, committed 13824K, reserved 1048576K
}
Event: 121.907 GC heap after
{Heap after GC invocations=98 (full 0):
 garbage-first heap   total 187392K, used 125564K [0x0000000080000000, 0x0000000100000000)
  region size 1024K, 1 young (1024K), 1 survivors (1024K)
 Metaspace       used 101181K, capacity 103871K, committed 104104K, reserved 1140736K
  class space    used 12820K, capacity 13711K, committed 13824K, reserved 1048576K
}
Event: 123.066 GC heap before
{Heap before GC invocations=98 (full 0):
 garbage-first heap   total 187392K, used 153212K [0x0000000080000000, 0x0000000100000000)
  region size 1024K, 29 young (29696K), 1 survivors (1024K)
 Metaspace       used 101711K, capacity 104434K, committed 104616K, reserved 1140736K
  class space    used 12884K, capacity 13813K, committed 13824K, reserved 1048576K
}
Event: 123.078 GC heap after
{Heap after GC invocations=99 (full 0):
 garbage-first heap   total 187392K, used 129138K [0x0000000080000000, 0x0000000100000000)
  region size 1024K, 4 young (4096K), 4 survivors (4096K)
 Metaspace       used 101711K, capacity 104434K, committed 104616K, reserved 1140736K
  class space    used 12884K, capacity 13813K, committed 13824K, reserved 1048576K
}
Event: 125.035 GC heap before
{Heap before GC invocations=100 (full 0):
 garbage-first heap   total 187392K, used 154738K [0x0000000080000000, 0x0000000100000000)
  region size 1024K, 30 young (30720K), 4 survivors (4096K)
 Metaspace       used 102922K, capacity 105624K, committed 105896K, reserved 1140736K
  class space    used 13054K, capacity 14014K, committed 14080K, reserved 1048576K
}
Event: 125.048 GC heap after
{Heap after GC invocations=101 (full 0):
 garbage-first heap   total 187392K, used 130024K [0x0000000080000000, 0x0000000100000000)
  region size 1024K, 2 young (2048K), 2 survivors (2048K)
 Metaspace       used 102922K, capacity 105624K, committed 105896K, reserved 1140736K
  class space    used 13054K, capacity 14014K, committed 14080K, reserved 1048576K
}
Event: 125.185 GC heap before
{Heap before GC invocations=101 (full 0):
 garbage-first heap   total 187392K, used 137192K [0x0000000080000000, 0x0000000100000000)
  region size 1024K, 9 young (9216K), 2 survivors (2048K)
 Metaspace       used 103230K, capacity 105923K, committed 106152K, reserved 1140736K
  class space    used 13107K, capacity 14047K, committed 14080K, reserved 1048576K
}
Event: 125.194 GC heap after
{Heap after GC invocations=102 (full 0):
 garbage-first heap   total 187392K, used 129245K [0x0000000080000000, 0x0000000100000000)
  region size 1024K, 1 young (1024K), 1 survivors (1024K)
 Metaspace       used 103230K, capacity 105923K, committed 106152K, reserved 1140736K
  class space    used 13107K, capacity 14047K, committed 14080K, reserved 1048576K
}
Event: 126.140 GC heap before
{Heap before GC invocations=102 (full 0):
 garbage-first heap   total 187392K, used 155869K [0x0000000080000000, 0x0000000100000000)
  region size 1024K, 27 young (27648K), 1 survivors (1024K)
 Metaspace       used 104556K, capacity 107265K, committed 107432K, reserved 1142784K
  class space    used 13296K, capacity 14253K, committed 14336K, reserved 1048576K
}
Event: 126.147 GC heap after
{Heap after GC invocations=103 (full 0):
 garbage-first heap   total 187392K, used 130839K [0x0000000080000000, 0x0000000100000000)
  region size 1024K, 3 young (3072K), 3 survivors (3072K)
 Metaspace       used 104556K, capacity 107265K, committed 107432K, reserved 1142784K
  class space    used 13296K, capacity 14253K, committed 14336K, reserved 1048576K
}
Event: 127.366 GC heap before
{Heap before GC invocations=104 (full 0):
 garbage-first heap   total 187392K, used 157463K [0x0000000080000000, 0x0000000100000000)
  region size 1024K, 29 young (29696K), 3 survivors (3072K)
 Metaspace       used 106133K, capacity 108902K, committed 109224K, reserved 1144832K
  class space    used 13515K, capacity 14498K, committed 14592K, reserved 1048576K
}
Event: 127.378 GC heap after
{Heap after GC invocations=105 (full 0):
 garbage-first heap   total 187392K, used 132967K [0x0000000080000000, 0x0000000100000000)
  region size 1024K, 4 young (4096K), 4 survivors (4096K)
 Metaspace       used 106133K, capacity 108902K, committed 109224K, reserved 1144832K
  class space    used 13515K, capacity 14498K, committed 14592K, reserved 1048576K
}
Event: 127.645 GC heap before
{Heap before GC invocations=105 (full 0):
 garbage-first heap   total 187392K, used 137063K [0x0000000080000000, 0x0000000100000000)
  region size 1024K, 9 young (9216K), 4 survivors (4096K)
 Metaspace       used 106261K, capacity 109051K, committed 109224K, reserved 1144832K
  class space    used 13540K, capacity 14569K, committed 14592K, reserved 1048576K
}
Event: 127.658 GC heap after
{Heap after GC invocations=106 (full 0):
 garbage-first heap   total 187392K, used 133132K [0x0000000080000000, 0x0000000100000000)
  region size 1024K, 1 young (1024K), 1 survivors (1024K)
 Metaspace       used 106261K, capacity 109051K, committed 109224K, reserved 1144832K
  class space    used 13540K, capacity 14569K, committed 14592K, reserved 1048576K
}
Event: 131.202 GC heap before
{Heap before GC invocations=106 (full 0):
 garbage-first heap   total 187392K, used 156684K [0x0000000080000000, 0x0000000100000000)
  region size 1024K, 25 young (25600K), 1 survivors (1024K)
 Metaspace       used 109328K, capacity 112255K, committed 112424K, reserved 1146880K
  class space    used 13900K, capacity 14952K, committed 14976K, reserved 1048576K
}
Event: 131.215 GC heap after
{Heap after GC invocations=107 (full 0):
 garbage-first heap   total 187392K, used 134509K [0x0000000080000000, 0x0000000100000000)
  region size 1024K, 3 young (3072K), 3 survivors (3072K)
 Metaspace       used 109328K, capacity 112255K, committed 112424K, reserved 1146880K
  class space    used 13900K, capacity 14952K, committed 14976K, reserved 1048576K
}
Event: 626.937 GC heap before
{Heap before GC invocations=107 (full 0):
 garbage-first heap   total 187392K, used 157037K [0x0000000080000000, 0x0000000100000000)
  region size 1024K, 26 young (26624K), 3 survivors (3072K)
 Metaspace       used 111575K, capacity 114540K, committed 114600K, reserved 1148928K
  class space    used 14046K, capacity 15089K, committed 15104K, reserved 1048576K
}
Event: 627.366 GC heap after
{Heap after GC invocations=108 (full 0):
 garbage-first heap   total 187392K, used 135476K [0x0000000080000000, 0x0000000100000000)
  region size 1024K, 3 young (3072K), 3 survivors (3072K)
 Metaspace       used 111575K, capacity 114540K, committed 114600K, reserved 1148928K
  class space    used 14046K, capacity 15089K, committed 15104K, reserved 1048576K
}

