# JRE version: OpenJDK Runtime Environment (11.0.11+9) (build 11.0.11+9-b60-7590822)
# Java VM: OpenJDK 64-Bit Server VM (11.0.11+9-b60-7590822, mixed mode, tiered, compressed oops, g1 gc, windows-amd64)
Heap:
 garbage-first heap   total 187392K, used 132996K [0x0000000080000000, 0x0000000100000000)
  region size 1024K, 15 young (15360K), 4 survivors (4096K)
 Metaspace       used 100755K, capacity 103144K, committed 103456K, reserved 1138688K
  class space    used 12757K, capacity 13649K, committed 13720K, reserved 1048576K
GC Heap History (20 events):
Event: 27.890 GC heap before
{Heap before GC invocations=19 (full 0):
 garbage-first heap   total 155648K, used 119568K [0x0000000080000000, 0x0000000100000000)
  region size 1024K, 61 young (62464K), 5 survivors (5120K)
 Metaspace       used 75613K, capacity 77459K, committed 77728K, reserved 1116160K
  class space    used 9786K, capacity 10428K, committed 10520K, reserved 1048576K
}
Event: 27.915 GC heap after
{Heap after GC invocations=20 (full 0):
 garbage-first heap   total 187392K, used 65201K [0x0000000080000000, 0x0000000100000000)
  region size 1024K, 8 young (8192K), 8 survivors (8192K)
 Metaspace       used 75613K, capacity 77459K, committed 77728K, reserved 1116160K
  class space    used 9786K, capacity 10428K, committed 10520K, reserved 1048576K
}
Event: 30.439 GC heap before
{Heap before GC invocations=20 (full 0):
 garbage-first heap   total 187392K, used 134833K [0x0000000080000000, 0x0000000100000000)
  region size 1024K, 77 young (78848K), 8 survivors (8192K)
 Metaspace       used 82845K, capacity 84868K, committed 85152K, reserved 1122304K
  class space    used 10737K, capacity 11458K, committed 11544K, reserved 1048576K
}
Event: 30.475 GC heap after
{Heap after GC invocations=21 (full 0):
 garbage-first heap   total 187392K, used 71982K [0x0000000080000000, 0x0000000100000000)
  region size 1024K, 10 young (10240K), 10 survivors (10240K)
 Metaspace       used 82845K, capacity 84868K, committed 85152K, reserved 1122304K
  class space    used 10737K, capacity 11458K, committed 11544K, reserved 1048576K
}
Event: 33.815 GC heap before
{Heap before GC invocations=21 (full 0):
 garbage-first heap   total 187392K, used 139566K [0x0000000080000000, 0x0000000100000000)
  region size 1024K, 77 young (78848K), 10 survivors (10240K)
 Metaspace       used 89043K, capacity 91189K, committed 91296K, reserved 1128448K
  class space    used 11526K, capacity 12287K, committed 12312K, reserved 1048576K
}
Event: 33.846 GC heap after
{Heap after GC invocations=22 (full 0):
 garbage-first heap   total 187392K, used 77989K [0x0000000080000000, 0x0000000100000000)
  region size 1024K, 6 young (6144K), 6 survivors (6144K)
 Metaspace       used 89043K, capacity 91189K, committed 91296K, reserved 1128448K
  class space    used 11526K, capacity 12287K, committed 12312K, reserved 1048576K
}
Event: 35.775 GC heap before
{Heap before GC invocations=22 (full 0):
 garbage-first heap   total 187392K, used 144549K [0x0000000080000000, 0x0000000100000000)
  region size 1024K, 71 young (72704K), 6 survivors (6144K)
 Metaspace       used 89471K, capacity 91710K, committed 91808K, reserved 1128448K
  class space    used 11531K, capacity 12295K, committed 12312K, reserved 1048576K
}
Event: 35.795 GC heap after
{Heap after GC invocations=23 (full 0):
 garbage-first heap   total 187392K, used 83359K [0x0000000080000000, 0x0000000100000000)
  region size 1024K, 6 young (6144K), 6 survivors (6144K)
 Metaspace       used 89471K, capacity 91710K, committed 91808K, reserved 1128448K
  class space    used 11531K, capacity 12295K, committed 12312K, reserved 1048576K
}
Event: 38.052 GC heap before
{Heap before GC invocations=23 (full 0):
 garbage-first heap   total 187392K, used 146847K [0x0000000080000000, 0x0000000100000000)
  region size 1024K, 69 young (70656K), 6 survivors (6144K)
 Metaspace       used 89967K, capacity 92151K, committed 92448K, reserved 1130496K
  class space    used 11572K, capacity 12352K, committed 12440K, reserved 1048576K
}
Event: 38.079 GC heap after
{Heap after GC invocations=24 (full 0):
 garbage-first heap   total 187392K, used 88623K [0x0000000080000000, 0x0000000100000000)
  region size 1024K, 6 young (6144K), 6 survivors (6144K)
 Metaspace       used 89967K, capacity 92151K, committed 92448K, reserved 1130496K
  class space    used 11572K, capacity 12352K, committed 12440K, reserved 1048576K
}
Event: 45.669 GC heap before
{Heap before GC invocations=24 (full 0):
 garbage-first heap   total 187392K, used 149039K [0x0000000080000000, 0x0000000100000000)
  region size 1024K, 66 young (67584K), 6 survivors (6144K)
 Metaspace       used 91318K, capacity 93634K, committed 93856K, reserved 1130496K
  class space    used 11723K, capacity 12540K, committed 12568K, reserved 1048576K
}
Event: 45.694 GC heap after
{Heap after GC invocations=25 (full 0):
 garbage-first heap   total 187392K, used 94194K [0x0000000080000000, 0x0000000100000000)
  region size 1024K, 6 young (6144K), 6 survivors (6144K)
 Metaspace       used 91318K, capacity 93634K, committed 93856K, reserved 1130496K
  class space    used 11723K, capacity 12540K, committed 12568K, reserved 1048576K
}
Event: 103.914 GC heap before
{Heap before GC invocations=25 (full 0):
 garbage-first heap   total 187392K, used 150514K [0x0000000080000000, 0x0000000100000000)
  region size 1024K, 62 young (63488K), 6 survivors (6144K)
 Metaspace       used 96914K, capacity 99240K, committed 99488K, reserved 1136640K
  class space    used 12471K, capacity 13296K, committed 13336K, reserved 1048576K
}
Event: 103.975 GC heap after
{Heap after GC invocations=26 (full 0):
 garbage-first heap   total 187392K, used 101345K [0x0000000080000000, 0x0000000100000000)
  region size 1024K, 8 young (8192K), 8 survivors (8192K)
 Metaspace       used 96914K, capacity 99240K, committed 99488K, reserved 1136640K
  class space    used 12471K, capacity 13296K, committed 13336K, reserved 1048576K
}
Event: 104.873 GC heap before
{Heap before GC invocations=27 (full 0):
 garbage-first heap   total 187392K, used 109537K [0x0000000080000000, 0x0000000100000000)
  region size 1024K, 17 young (17408K), 8 survivors (8192K)
 Metaspace       used 97875K, capacity 100226K, committed 100384K, reserved 1136640K
  class space    used 12537K, capacity 13370K, committed 13464K, reserved 1048576K
}
Event: 104.908 GC heap after
{Heap after GC invocations=28 (full 0):
 garbage-first heap   total 187392K, used 104093K [0x0000000080000000, 0x0000000100000000)
  region size 1024K, 3 young (3072K), 3 survivors (3072K)
 Metaspace       used 97875K, capacity 100226K, committed 100384K, reserved 1136640K
  class space    used 12537K, capacity 13370K, committed 13464K, reserved 1048576K
}
Event: 110.164 GC heap before
{Heap before GC invocations=29 (full 0):
 garbage-first heap   total 187392K, used 156317K [0x0000000080000000, 0x0000000100000000)
  region size 1024K, 52 young (53248K), 3 survivors (3072K)
 Metaspace       used 98712K, capacity 101154K, committed 101536K, reserved 1136640K
  class space    used 12589K, capacity 13462K, committed 13592K, reserved 1048576K
}
Event: 110.194 GC heap after
{Heap after GC invocations=30 (full 0):
 garbage-first heap   total 187392K, used 118357K [0x0000000080000000, 0x0000000100000000)
  region size 1024K, 7 young (7168K), 7 survivors (7168K)
 Metaspace       used 98712K, capacity 101154K, committed 101536K, reserved 1136640K
  class space    used 12589K, capacity 13462K, committed 13592K, reserved 1048576K
}
Event: 113.189 GC heap before
{Heap before GC invocations=30 (full 0):
 garbage-first heap   total 187392K, used 153173K [0x0000000080000000, 0x0000000100000000)
  region size 1024K, 41 young (41984K), 7 survivors (7168K)
 Metaspace       used 100593K, capacity 103010K, committed 103200K, reserved 1138688K
  class space    used 12756K, capacity 13648K, committed 13720K, reserved 1048576K
}
Event: 113.216 GC heap after
{Heap after GC invocations=31 (full 0):
 garbage-first heap   total 187392K, used 122756K [0x0000000080000000, 0x0000000100000000)
  region size 1024K, 4 young (4096K), 4 survivors (4096K)
 Metaspace       used 100593K, capacity 103010K, committed 103200K, reserved 1138688K
  class space    used 12756K, capacity 13648K, committed 13720K, reserved 1048576K
}

