# JRE version: OpenJDK Runtime Environment (11.0.11+9) (build 11.0.11+9-b60-7590822)
# Java VM: OpenJDK 64-Bit Server VM (11.0.11+9-b60-7590822, mixed mode, tiered, compressed oops, g1 gc, windows-amd64)
Heap:
 garbage-first heap   total 187392K, used 56750K [0x0000000080000000, 0x0000000100000000)
  region size 1024K, 8 young (8192K), 8 survivors (8192K)
 Metaspace       used 65817K, capacity 67464K, committed 67660K, reserved 1107968K
  class space    used 8315K, capacity 8909K, committed 9036K, reserved 1048576K
GC Heap History (20 events):
Event: 7.858 GC heap after
{Heap after GC invocations=5 (full 0):
 garbage-first heap   total 129024K, used 17060K [0x0000000080000000, 0x0000000100000000)
  region size 1024K, 6 young (6144K), 6 survivors (6144K)
 Metaspace       used 20720K, capacity 21083K, committed 21248K, reserved 1067008K
  class space    used 2539K, capacity 2693K, committed 2816K, reserved 1048576K
}
Event: 9.414 GC heap before
{Heap before GC invocations=6 (full 0):
 garbage-first heap   total 129024K, used 64164K [0x0000000080000000, 0x0000000100000000)
  region size 1024K, 52 young (53248K), 6 survivors (6144K)
 Metaspace       used 25583K, capacity 26143K, committed 26368K, reserved 1073152K
  class space    used 3326K, capacity 3534K, committed 3584K, reserved 1048576K
}
Event: 9.426 GC heap after
{Heap after GC invocations=7 (full 0):
 garbage-first heap   total 129024K, used 19155K [0x0000000080000000, 0x0000000100000000)
  region size 1024K, 3 young (3072K), 3 survivors (3072K)
 Metaspace       used 25583K, capacity 26143K, committed 26368K, reserved 1073152K
  class space    used 3326K, capacity 3534K, committed 3584K, reserved 1048576K
}
Event: 11.175 GC heap before
{Heap before GC invocations=7 (full 0):
 garbage-first heap   total 129024K, used 72403K [0x0000000080000000, 0x0000000100000000)
  region size 1024K, 55 young (56320K), 3 survivors (3072K)
 Metaspace       used 31312K, capacity 32025K, committed 32128K, reserved 1077248K
  class space    used 4196K, capacity 4480K, committed 4480K, reserved 1048576K
}
Event: 11.190 GC heap after
{Heap after GC invocations=8 (full 0):
 garbage-first heap   total 129024K, used 20954K [0x0000000080000000, 0x0000000100000000)
  region size 1024K, 5 young (5120K), 5 survivors (5120K)
 Metaspace       used 31312K, capacity 32025K, committed 32128K, reserved 1077248K
  class space    used 4196K, capacity 4480K, committed 4480K, reserved 1048576K
}
Event: 12.324 GC heap before
{Heap before GC invocations=8 (full 0):
 garbage-first heap   total 129024K, used 31194K [0x0000000080000000, 0x0000000100000000)
  region size 1024K, 16 young (16384K), 5 survivors (5120K)
 Metaspace       used 35049K, capacity 35795K, committed 35840K, reserved 1081344K
  class space    used 4543K, capacity 4863K, committed 4864K, reserved 1048576K
}
Event: 12.350 GC heap after
{Heap after GC invocations=9 (full 0):
 garbage-first heap   total 129024K, used 22954K [0x0000000080000000, 0x0000000100000000)
  region size 1024K, 6 young (6144K), 6 survivors (6144K)
 Metaspace       used 35049K, capacity 35795K, committed 35840K, reserved 1081344K
  class space    used 4543K, capacity 4863K, committed 4864K, reserved 1048576K
}
Event: 14.476 GC heap before
{Heap before GC invocations=10 (full 0):
 garbage-first heap   total 129024K, used 82346K [0x0000000080000000, 0x0000000100000000)
  region size 1024K, 61 young (62464K), 6 survivors (6144K)
 Metaspace       used 40326K, capacity 41274K, committed 41472K, reserved 1085440K
  class space    used 5176K, capacity 5547K, committed 5632K, reserved 1048576K
}
Event: 14.500 GC heap after
{Heap after GC invocations=11 (full 0):
 garbage-first heap   total 129024K, used 27468K [0x0000000080000000, 0x0000000100000000)
  region size 1024K, 8 young (8192K), 8 survivors (8192K)
 Metaspace       used 40326K, capacity 41274K, committed 41472K, reserved 1085440K
  class space    used 5176K, capacity 5547K, committed 5632K, reserved 1048576K
}
Event: 15.926 GC heap before
{Heap before GC invocations=11 (full 0):
 garbage-first heap   total 129024K, used 83788K [0x0000000080000000, 0x0000000100000000)
  region size 1024K, 63 young (64512K), 8 survivors (8192K)
 Metaspace       used 44757K, capacity 45816K, committed 46080K, reserved 1089536K
  class space    used 5740K, capacity 6102K, committed 6144K, reserved 1048576K
}
Event: 15.997 GC heap after
{Heap after GC invocations=12 (full 0):
 garbage-first heap   total 155648K, used 29109K [0x0000000080000000, 0x0000000100000000)
  region size 1024K, 6 young (6144K), 6 survivors (6144K)
 Metaspace       used 44757K, capacity 45816K, committed 46080K, reserved 1089536K
  class space    used 5740K, capacity 6102K, committed 6144K, reserved 1048576K
}
Event: 18.484 GC heap before
{Heap before GC invocations=12 (full 0):
 garbage-first heap   total 155648K, used 101813K [0x0000000080000000, 0x0000000100000000)
  region size 1024K, 73 young (74752K), 6 survivors (6144K)
 Metaspace       used 47987K, capacity 49225K, committed 49408K, reserved 1091584K
  class space    used 6111K, capacity 6529K, committed 6656K, reserved 1048576K
}
Event: 18.511 GC heap after
{Heap after GC invocations=13 (full 0):
 garbage-first heap   total 155648K, used 44032K [0x0000000080000000, 0x0000000100000000)
  region size 1024K, 10 young (10240K), 10 survivors (10240K)
 Metaspace       used 47987K, capacity 49225K, committed 49408K, reserved 1091584K
  class space    used 6111K, capacity 6529K, committed 6656K, reserved 1048576K
}
Event: 20.741 GC heap before
{Heap before GC invocations=13 (full 0):
 garbage-first heap   total 155648K, used 111616K [0x0000000080000000, 0x0000000100000000)
  region size 1024K, 76 young (77824K), 10 survivors (10240K)
 Metaspace       used 57031K, capacity 58512K, committed 58624K, reserved 1099776K
  class space    used 7172K, capacity 7673K, committed 7680K, reserved 1048576K
}
Event: 20.766 GC heap after
{Heap after GC invocations=14 (full 0):
 garbage-first heap   total 155648K, used 47718K [0x0000000080000000, 0x0000000100000000)
  region size 1024K, 3 young (3072K), 3 survivors (3072K)
 Metaspace       used 57031K, capacity 58512K, committed 58624K, reserved 1099776K
  class space    used 7172K, capacity 7673K, committed 7680K, reserved 1048576K
}
Event: 21.219 GC heap before
{Heap before GC invocations=14 (full 0):
 garbage-first heap   total 155648K, used 61030K [0x0000000080000000, 0x0000000100000000)
  region size 1024K, 17 young (17408K), 3 survivors (3072K)
 Metaspace       used 58632K, capacity 60133K, committed 60160K, reserved 1101824K
  class space    used 7400K, capacity 7932K, committed 7936K, reserved 1048576K
}
Event: 21.230 GC heap after
{Heap after GC invocations=15 (full 0):
 garbage-first heap   total 155648K, used 48124K [0x0000000080000000, 0x0000000100000000)
  region size 1024K, 4 young (4096K), 4 survivors (4096K)
 Metaspace       used 58632K, capacity 60133K, committed 60160K, reserved 1101824K
  class space    used 7400K, capacity 7932K, committed 7936K, reserved 1048576K
}
Event: 23.470 GC heap before
{Heap before GC invocations=16 (full 0):
 garbage-first heap   total 155648K, used 98300K [0x0000000080000000, 0x0000000100000000)
  region size 1024K, 54 young (55296K), 4 survivors (4096K)
 Metaspace       used 64306K, capacity 65890K, committed 65996K, reserved 1105920K
  class space    used 8074K, capacity 8629K, committed 8652K, reserved 1048576K
}
Event: 23.496 GC heap after
{Heap after GC invocations=17 (full 0):
 garbage-first heap   total 155648K, used 52403K [0x0000000080000000, 0x0000000100000000)
  region size 1024K, 7 young (7168K), 7 survivors (7168K)
 Metaspace       used 64306K, capacity 65890K, committed 65996K, reserved 1105920K
  class space    used 8074K, capacity 8629K, committed 8652K, reserved 1048576K
}
Event: 24.771 GC heap before
{Heap before GC invocations=18 (full 0):
 garbage-first heap   total 155648K, used 105651K [0x0000000080000000, 0x0000000100000000)
  region size 1024K, 58 young (59392K), 7 survivors (7168K)
 Metaspace       used 65817K, capacity 67464K, committed 67660K, reserved 1107968K
  class space    used 8315K, capacity 8909K, committed 9036K, reserved 1048576K
}

