# JRE version: OpenJDK Runtime Environment (11.0.11+9) (build 11.0.11+9-b60-7590822)
# Java VM: OpenJDK 64-Bit Server VM (11.0.11+9-b60-7590822, mixed mode, tiered, compressed oops, g1 gc, windows-amd64)
Heap:
 garbage-first heap   total 225280K, used 90038K [0x0000000080000000, 0x0000000100000000)
  region size 1024K, 5 young (5120K), 5 survivors (5120K)
 Metaspace       used 86257K, capacity 88428K, committed 88484K, reserved 1126400K
  class space    used 11099K, capacity 11885K, committed 11904K, reserved 1048576K
GC Heap History (20 events):
Event: 15.939 GC heap after
{Heap after GC invocations=12 (full 0):
 garbage-first heap   total 155648K, used 31484K [0x0000000080000000, 0x0000000100000000)
  region size 1024K, 9 young (9216K), 9 survivors (9216K)
 Metaspace       used 47270K, capacity 48519K, committed 48636K, reserved 1091584K
  class space    used 6037K, capacity 6472K, committed 6528K, reserved 1048576K
}
Event: 18.395 GC heap before
{Heap before GC invocations=12 (full 0):
 garbage-first heap   total 155648K, used 116476K [0x0000000080000000, 0x0000000100000000)
  region size 1024K, 88 young (90112K), 9 survivors (9216K)
 Metaspace       used 53902K, capacity 55280K, committed 55420K, reserved 1097728K
  class space    used 6874K, capacity 7365K, committed 7424K, reserved 1048576K
}
Event: 18.430 GC heap after
{Heap after GC invocations=13 (full 0):
 garbage-first heap   total 155648K, used 45939K [0x0000000080000000, 0x0000000100000000)
  region size 1024K, 11 young (11264K), 11 survivors (11264K)
 Metaspace       used 53902K, capacity 55280K, committed 55420K, reserved 1097728K
  class space    used 6874K, capacity 7365K, committed 7424K, reserved 1048576K
}
Event: 19.434 GC heap before
{Heap before GC invocations=13 (full 0):
 garbage-first heap   total 155648K, used 74611K [0x0000000080000000, 0x0000000100000000)
  region size 1024K, 40 young (40960K), 11 survivors (11264K)
 Metaspace       used 58303K, capacity 59804K, committed 59940K, reserved 1101824K
  class space    used 7354K, capacity 7886K, committed 7936K, reserved 1048576K
}
Event: 19.466 GC heap after
{Heap after GC invocations=14 (full 0):
 garbage-first heap   total 187392K, used 48710K [0x0000000080000000, 0x0000000100000000)
  region size 1024K, 2 young (2048K), 2 survivors (2048K)
 Metaspace       used 58303K, capacity 59804K, committed 59940K, reserved 1101824K
  class space    used 7354K, capacity 7886K, committed 7936K, reserved 1048576K
}
Event: 22.700 GC heap before
{Heap before GC invocations=15 (full 0):
 garbage-first heap   total 187392K, used 114246K [0x0000000080000000, 0x0000000100000000)
  region size 1024K, 66 young (67584K), 2 survivors (2048K)
 Metaspace       used 65322K, capacity 66960K, committed 67236K, reserved 1107968K
  class space    used 8221K, capacity 8765K, committed 8832K, reserved 1048576K
}
Event: 22.720 GC heap after
{Heap after GC invocations=16 (full 0):
 garbage-first heap   total 187392K, used 53921K [0x0000000080000000, 0x0000000100000000)
  region size 1024K, 7 young (7168K), 7 survivors (7168K)
 Metaspace       used 65322K, capacity 66960K, committed 67236K, reserved 1107968K
  class space    used 8221K, capacity 8765K, committed 8832K, reserved 1048576K
}
Event: 24.040 GC heap before
{Heap before GC invocations=16 (full 0):
 garbage-first heap   total 187392K, used 120481K [0x0000000080000000, 0x0000000100000000)
  region size 1024K, 72 young (73728K), 7 survivors (7168K)
 Metaspace       used 67856K, capacity 69555K, committed 69668K, reserved 1110016K
  class space    used 8577K, capacity 9176K, committed 9216K, reserved 1048576K
}
Event: 24.066 GC heap after
{Heap after GC invocations=17 (full 0):
 garbage-first heap   total 187392K, used 58484K [0x0000000080000000, 0x0000000100000000)
  region size 1024K, 6 young (6144K), 6 survivors (6144K)
 Metaspace       used 67856K, capacity 69555K, committed 69668K, reserved 1110016K
  class space    used 8577K, capacity 9176K, committed 9216K, reserved 1048576K
}
Event: 25.337 GC heap before
{Heap before GC invocations=17 (full 0):
 garbage-first heap   total 187392K, used 126068K [0x0000000080000000, 0x0000000100000000)
  region size 1024K, 72 young (73728K), 6 survivors (6144K)
 Metaspace       used 72118K, capacity 73848K, committed 74020K, reserved 1114112K
  class space    used 9294K, capacity 9899K, committed 9984K, reserved 1048576K
}
Event: 25.360 GC heap after
{Heap after GC invocations=18 (full 0):
 garbage-first heap   total 187392K, used 63225K [0x0000000080000000, 0x0000000100000000)
  region size 1024K, 5 young (5120K), 5 survivors (5120K)
 Metaspace       used 72118K, capacity 73848K, committed 74020K, reserved 1114112K
  class space    used 9294K, capacity 9899K, committed 9984K, reserved 1048576K
}
Event: 27.319 GC heap before
{Heap before GC invocations=18 (full 0):
 garbage-first heap   total 187392K, used 131833K [0x0000000080000000, 0x0000000100000000)
  region size 1024K, 72 young (73728K), 5 survivors (5120K)
 Metaspace       used 79202K, capacity 81067K, committed 81188K, reserved 1120256K
  class space    used 10274K, capacity 10914K, committed 11008K, reserved 1048576K
}
Event: 27.341 GC heap after
{Heap after GC invocations=19 (full 0):
 garbage-first heap   total 187392K, used 67455K [0x0000000080000000, 0x0000000100000000)
  region size 1024K, 9 young (9216K), 9 survivors (9216K)
 Metaspace       used 79202K, capacity 81067K, committed 81188K, reserved 1120256K
  class space    used 10274K, capacity 10914K, committed 11008K, reserved 1048576K
}
Event: 29.362 GC heap before
{Heap before GC invocations=19 (full 0):
 garbage-first heap   total 187392K, used 136063K [0x0000000080000000, 0x0000000100000000)
  region size 1024K, 77 young (78848K), 9 survivors (9216K)
 Metaspace       used 83895K, capacity 86073K, committed 86180K, reserved 1124352K
  class space    used 10863K, capacity 11635K, committed 11648K, reserved 1048576K
}
Event: 29.403 GC heap after
{Heap after GC invocations=20 (full 0):
 garbage-first heap   total 187392K, used 74167K [0x0000000080000000, 0x0000000100000000)
  region size 1024K, 10 young (10240K), 10 survivors (10240K)
 Metaspace       used 83895K, capacity 86073K, committed 86180K, reserved 1124352K
  class space    used 10863K, capacity 11635K, committed 11648K, reserved 1048576K
}
Event: 31.150 GC heap before
{Heap before GC invocations=20 (full 0):
 garbage-first heap   total 187392K, used 139703K [0x0000000080000000, 0x0000000100000000)
  region size 1024K, 75 young (76800K), 10 survivors (10240K)
 Metaspace       used 84254K, capacity 86429K, committed 86692K, reserved 1124352K
  class space    used 10867K, capacity 11639K, committed 11648K, reserved 1048576K
}
Event: 31.183 GC heap after
{Heap after GC invocations=21 (full 0):
 garbage-first heap   total 187392K, used 80201K [0x0000000080000000, 0x0000000100000000)
  region size 1024K, 6 young (6144K), 6 survivors (6144K)
 Metaspace       used 84254K, capacity 86429K, committed 86692K, reserved 1124352K
  class space    used 10867K, capacity 11639K, committed 11648K, reserved 1048576K
}
Event: 32.979 GC heap before
{Heap before GC invocations=21 (full 0):
 garbage-first heap   total 187392K, used 144713K [0x0000000080000000, 0x0000000100000000)
  region size 1024K, 69 young (70656K), 6 survivors (6144K)
 Metaspace       used 84791K, capacity 86956K, committed 87076K, reserved 1124352K
  class space    used 10912K, capacity 11702K, committed 11776K, reserved 1048576K
}
Event: 33.006 GC heap after
{Heap after GC invocations=22 (full 0):
 garbage-first heap   total 187392K, used 84992K [0x0000000080000000, 0x0000000100000000)
  region size 1024K, 9 young (9216K), 9 survivors (9216K)
 Metaspace       used 84791K, capacity 86956K, committed 87076K, reserved 1124352K
  class space    used 10912K, capacity 11702K, committed 11776K, reserved 1048576K
}
Event: 34.883 GC heap before
{Heap before GC invocations=22 (full 0):
 garbage-first heap   total 187392K, used 146432K [0x0000000080000000, 0x0000000100000000)
  region size 1024K, 70 young (71680K), 9 survivors (9216K)
 Metaspace       used 86257K, capacity 88428K, committed 88484K, reserved 1126400K
  class space    used 11099K, capacity 11885K, committed 11904K, reserved 1048576K
}

