# JRE version: OpenJDK Runtime Environment (11.0.11+9) (build 11.0.11+9-b60-7590822)
# Java VM: OpenJDK 64-Bit Server VM (11.0.11+9-b60-7590822, mixed mode, tiered, compressed oops, g1 gc, windows-amd64)
Heap:
 garbage-first heap   total 225280K, used 76798K [0x0000000080000000, 0x0000000100000000)
  region size 1024K, 7 young (7168K), 7 survivors (7168K)
 Metaspace       used 84084K, capacity 86252K, committed 86436K, reserved 1124352K
  class space    used 10859K, capacity 11625K, committed 11648K, reserved 1048576K
GC Heap History (20 events):
Event: 10.462 GC heap after
{Heap after GC invocations=8 (full 0):
 garbage-first heap   total 155648K, used 21269K [0x0000000080000000, 0x0000000100000000)
  region size 1024K, 6 young (6144K), 6 survivors (6144K)
 Metaspace       used 32164K, capacity 32832K, committed 32944K, reserved 1077248K
  class space    used 4250K, capacity 4536K, committed 4608K, reserved 1048576K
}
Event: 11.004 GC heap before
{Heap before GC invocations=8 (full 0):
 garbage-first heap   total 155648K, used 26389K [0x0000000080000000, 0x0000000100000000)
  region size 1024K, 12 young (12288K), 6 survivors (6144K)
 Metaspace       used 34855K, capacity 35642K, committed 35708K, reserved 1081344K
  class space    used 4527K, capacity 4857K, committed 4864K, reserved 1048576K
}
Event: 11.021 GC heap after
{Heap after GC invocations=9 (full 0):
 garbage-first heap   total 155648K, used 22467K [0x0000000080000000, 0x0000000100000000)
  region size 1024K, 6 young (6144K), 6 survivors (6144K)
 Metaspace       used 34855K, capacity 35642K, committed 35708K, reserved 1081344K
  class space    used 4527K, capacity 4857K, committed 4864K, reserved 1048576K
}
Event: 12.633 GC heap before
{Heap before GC invocations=10 (full 0):
 garbage-first heap   total 155648K, used 92099K [0x0000000080000000, 0x0000000100000000)
  region size 1024K, 72 young (73728K), 6 survivors (6144K)
 Metaspace       used 41237K, capacity 42211K, committed 42492K, reserved 1085440K
  class space    used 5322K, capacity 5690K, committed 5760K, reserved 1048576K
}
Event: 12.656 GC heap after
{Heap after GC invocations=11 (full 0):
 garbage-first heap   total 155648K, used 26880K [0x0000000080000000, 0x0000000100000000)
  region size 1024K, 8 young (8192K), 8 survivors (8192K)
 Metaspace       used 41237K, capacity 42211K, committed 42492K, reserved 1085440K
  class space    used 5322K, capacity 5690K, committed 5760K, reserved 1048576K
}
Event: 15.269 GC heap before
{Heap before GC invocations=11 (full 0):
 garbage-first heap   total 155648K, used 101632K [0x0000000080000000, 0x0000000100000000)
  region size 1024K, 81 young (82944K), 8 survivors (8192K)
 Metaspace       used 46738K, capacity 47889K, committed 48124K, reserved 1091584K
  class space    used 5968K, capacity 6408K, committed 6528K, reserved 1048576K
}
Event: 15.297 GC heap after
{Heap after GC invocations=12 (full 0):
 garbage-first heap   total 155648K, used 30561K [0x0000000080000000, 0x0000000100000000)
  region size 1024K, 10 young (10240K), 10 survivors (10240K)
 Metaspace       used 46738K, capacity 47889K, committed 48124K, reserved 1091584K
  class space    used 5968K, capacity 6408K, committed 6528K, reserved 1048576K
}
Event: 17.654 GC heap before
{Heap before GC invocations=12 (full 0):
 garbage-first heap   total 155648K, used 113505K [0x0000000080000000, 0x0000000100000000)
  region size 1024K, 87 young (89088K), 10 survivors (10240K)
 Metaspace       used 51958K, capacity 53340K, committed 53628K, reserved 1095680K
  class space    used 6608K, capacity 7099K, committed 7168K, reserved 1048576K
}
Event: 17.690 GC heap after
{Heap after GC invocations=13 (full 0):
 garbage-first heap   total 155648K, used 45056K [0x0000000080000000, 0x0000000100000000)
  region size 1024K, 11 young (11264K), 11 survivors (11264K)
 Metaspace       used 51958K, capacity 53340K, committed 53628K, reserved 1095680K
  class space    used 6608K, capacity 7099K, committed 7168K, reserved 1048576K
}
Event: 19.141 GC heap before
{Heap before GC invocations=13 (full 0):
 garbage-first heap   total 155648K, used 89088K [0x0000000080000000, 0x0000000100000000)
  region size 1024K, 55 young (56320K), 11 survivors (11264K)
 Metaspace       used 58385K, capacity 59825K, committed 59940K, reserved 1101824K
  class space    used 7367K, capacity 7893K, committed 7936K, reserved 1048576K
}
Event: 19.175 GC heap after
{Heap after GC invocations=14 (full 0):
 garbage-first heap   total 187392K, used 48228K [0x0000000080000000, 0x0000000100000000)
  region size 1024K, 3 young (3072K), 3 survivors (3072K)
 Metaspace       used 58385K, capacity 59825K, committed 59940K, reserved 1101824K
  class space    used 7367K, capacity 7893K, committed 7936K, reserved 1048576K
}
Event: 21.198 GC heap before
{Heap before GC invocations=15 (full 0):
 garbage-first heap   total 187392K, used 119908K [0x0000000080000000, 0x0000000100000000)
  region size 1024K, 73 young (74752K), 3 survivors (3072K)
 Metaspace       used 65608K, capacity 67183K, committed 67364K, reserved 1107968K
  class space    used 8292K, capacity 8839K, committed 8960K, reserved 1048576K
}
Event: 21.219 GC heap after
{Heap after GC invocations=16 (full 0):
 garbage-first heap   total 187392K, used 52896K [0x0000000080000000, 0x0000000100000000)
  region size 1024K, 7 young (7168K), 7 survivors (7168K)
 Metaspace       used 65608K, capacity 67183K, committed 67364K, reserved 1107968K
  class space    used 8292K, capacity 8839K, committed 8960K, reserved 1048576K
}
Event: 22.916 GC heap before
{Heap before GC invocations=17 (full 0):
 garbage-first heap   total 187392K, used 126624K [0x0000000080000000, 0x0000000100000000)
  region size 1024K, 79 young (80896K), 7 survivors (7168K)
 Metaspace       used 69776K, capacity 71492K, committed 71588K, reserved 1112064K
  class space    used 8965K, capacity 9567K, committed 9600K, reserved 1048576K
}
Event: 22.944 GC heap after
{Heap after GC invocations=18 (full 0):
 garbage-first heap   total 187392K, used 58574K [0x0000000080000000, 0x0000000100000000)
  region size 1024K, 6 young (6144K), 6 survivors (6144K)
 Metaspace       used 69776K, capacity 71492K, committed 71588K, reserved 1112064K
  class space    used 8965K, capacity 9567K, committed 9600K, reserved 1048576K
}
Event: 24.473 GC heap before
{Heap before GC invocations=18 (full 0):
 garbage-first heap   total 187392K, used 132302K [0x0000000080000000, 0x0000000100000000)
  region size 1024K, 78 young (79872K), 6 survivors (6144K)
 Metaspace       used 73590K, capacity 75350K, committed 75556K, reserved 1114112K
  class space    used 9518K, capacity 10136K, committed 10240K, reserved 1048576K
}
Event: 24.498 GC heap after
{Heap after GC invocations=19 (full 0):
 garbage-first heap   total 187392K, used 64038K [0x0000000080000000, 0x0000000100000000)
  region size 1024K, 6 young (6144K), 6 survivors (6144K)
 Metaspace       used 73590K, capacity 75350K, committed 75556K, reserved 1114112K
  class space    used 9518K, capacity 10136K, committed 10240K, reserved 1048576K
}
Event: 26.367 GC heap before
{Heap before GC invocations=19 (full 0):
 garbage-first heap   total 187392K, used 135718K [0x0000000080000000, 0x0000000100000000)
  region size 1024K, 77 young (78848K), 6 survivors (6144K)
 Metaspace       used 80371K, capacity 82254K, committed 82340K, reserved 1120256K
  class space    used 10423K, capacity 11073K, committed 11136K, reserved 1048576K
}
Event: 26.394 GC heap after
{Heap after GC invocations=20 (full 0):
 garbage-first heap   total 187392K, used 69895K [0x0000000080000000, 0x0000000100000000)
  region size 1024K, 10 young (10240K), 10 survivors (10240K)
 Metaspace       used 80371K, capacity 82254K, committed 82340K, reserved 1120256K
  class space    used 10423K, capacity 11073K, committed 11136K, reserved 1048576K
}
Event: 28.676 GC heap before
{Heap before GC invocations=20 (full 0):
 garbage-first heap   total 187392K, used 139527K [0x0000000080000000, 0x0000000100000000)
  region size 1024K, 79 young (80896K), 10 survivors (10240K)
 Metaspace       used 84084K, capacity 86252K, committed 86436K, reserved 1124352K
  class space    used 10859K, capacity 11625K, committed 11648K, reserved 1048576K
}

